[debug] [2021-06-05T06:54:14.980Z] ----------------------------------------------------------------------
[debug] [2021-06-05T06:54:14.982Z] Command:       C:\Program Files\nodejs\node.exe C:\Users\siriu\AppData\Roaming\npm\node_modules\firebase-tools\lib\bin\firebase.js login --no-localhost
[debug] [2021-06-05T06:54:14.982Z] CLI Version:   9.12.1
[debug] [2021-06-05T06:54:14.982Z] Platform:      win32
[debug] [2021-06-05T06:54:14.982Z] Node Version:  v14.16.1
[debug] [2021-06-05T06:54:14.983Z] Time:          Sat Jun 05 2021 15:54:14 GMT+0900 (日本標準時)
[debug] [2021-06-05T06:54:14.983Z] ----------------------------------------------------------------------
[debug] 
[info] i  Firebase optionally collects CLI usage and error reporting information to help improve our products. Data is collected in accordance with Google's privacy policy (https://policies.google.com/privacy) and is not used to identify you.
 
[info] i  To change your data collection preference at any time, run `firebase logout` and log in again. 
[info] 
[info] Visit this URL on any device to log in:
[info] https://accounts.google.com/o/oauth2/auth?client_id=563584335869-fgrhgmd47bqnekij5i8b5pr03ho849e6.apps.googleusercontent.com&scope=email%20openid%20https%3A%2F%2Fwww.googleapis.com%2Fauth%2Fcloudplatformprojects.readonly%20https%3A%2F%2Fwww.googleapis.com%2Fauth%2Ffirebase%20https%3A%2F%2Fwww.googleapis.com%2Fauth%2Fcloud-platform&response_type=code&state=359736759&redirect_uri=urn%3Aietf%3Awg%3Aoauth%3A2.0%3Aoob
[info] 
[debug] [2021-06-05T06:54:16.907Z] Error: spawn cmd ENOENT
    at Process.ChildProcess._handle.onexit (internal/child_process.js:269:19)
    at onErrorNT (internal/child_process.js:465:16)
    at processTicksAndRejections (internal/process/task_queues.js:80:21)
[error] 
[error] Error: An unexpected error has occurred.
[debug] [2021-06-05T06:55:43.167Z] ----------------------------------------------------------------------
[debug] [2021-06-05T06:55:43.169Z] Command:       C:\Program Files\nodejs\node.exe C:\Users\siriu\AppData\Roaming\npm\node_modules\firebase-tools\lib\bin\firebase.js login
[debug] [2021-06-05T06:55:43.169Z] CLI Version:   9.12.1
[debug] [2021-06-05T06:55:43.169Z] Platform:      win32
[debug] [2021-06-05T06:55:43.169Z] Node Version:  v14.16.1
[debug] [2021-06-05T06:55:43.170Z] Time:          Sat Jun 05 2021 15:55:43 GMT+0900 (日本標準時)
[debug] [2021-06-05T06:55:43.171Z] ----------------------------------------------------------------------
[debug] 
[info] i  Firebase optionally collects CLI usage and error reporting information to help improve our products. Data is collected in accordance with Google's privacy policy (https://policies.google.com/privacy) and is not used to identify you.
 
[info] i  To change your data collection preference at any time, run `firebase logout` and log in again. 
[info] 
[info] Visit this URL on this device to log in:
[info] https://accounts.google.com/o/oauth2/auth?client_id=563584335869-fgrhgmd47bqnekij5i8b5pr03ho849e6.apps.googleusercontent.com&scope=email%20openid%20https%3A%2F%2Fwww.googleapis.com%2Fauth%2Fcloudplatformprojects.readonly%20https%3A%2F%2Fwww.googleapis.com%2Fauth%2Ffirebase%20https%3A%2F%2Fwww.googleapis.com%2Fauth%2Fcloud-platform&response_type=code&state=602933187&redirect_uri=http%3A%2F%2Flocalhost%3A9005
[info] 
[info] Waiting for authentication...
[debug] [2021-06-05T06:55:44.890Z] Error: spawn cmd ENOENT
    at Process.ChildProcess._handle.onexit (internal/child_process.js:269:19)
    at onErrorNT (internal/child_process.js:465:16)
    at processTicksAndRejections (internal/process/task_queues.js:80:21)
[error] 
[error] Error: An unexpected error has occurred.
[debug] [2021-06-05T06:55:57.649Z] ----------------------------------------------------------------------
[debug] [2021-06-05T06:55:57.650Z] Command:       C:\Program Files\nodejs\node.exe C:\Users\siriu\AppData\Roaming\npm\node_modules\firebase-tools\lib\bin\firebase.js login --no-localhost
[debug] [2021-06-05T06:55:57.651Z] CLI Version:   9.12.1
[debug] [2021-06-05T06:55:57.651Z] Platform:      win32
[debug] [2021-06-05T06:55:57.651Z] Node Version:  v14.16.1
[debug] [2021-06-05T06:55:57.652Z] Time:          Sat Jun 05 2021 15:55:57 GMT+0900 (日本標準時)
[debug] [2021-06-05T06:55:57.652Z] ----------------------------------------------------------------------
[debug] 
[info] i  Firebase optionally collects CLI usage and error reporting information to help improve our products. Data is collected in accordance with Google's privacy policy (https://policies.google.com/privacy) and is not used to identify you.
 
[info] 
[info] Visit this URL on any device to log in:
[info] https://accounts.google.com/o/oauth2/auth?client_id=563584335869-fgrhgmd47bqnekij5i8b5pr03ho849e6.apps.googleusercontent.com&scope=email%20openid%20https%3A%2F%2Fwww.googleapis.com%2Fauth%2Fcloudplatformprojects.readonly%20https%3A%2F%2Fwww.googleapis.com%2Fauth%2Ffirebase%20https%3A%2F%2Fwww.googleapis.com%2Fauth%2Fcloud-platform&response_type=code&state=984378546&redirect_uri=urn%3Aietf%3Awg%3Aoauth%3A2.0%3Aoob
[info] 
[debug] [2021-06-05T06:55:59.985Z] Error: spawn cmd ENOENT
    at Process.ChildProcess._handle.onexit (internal/child_process.js:269:19)
    at onErrorNT (internal/child_process.js:465:16)
    at processTicksAndRejections (internal/process/task_queues.js:80:21)
[error] 
[error] Error: An unexpected error has occurred.
